{"C:\\Users\\Suneel\\Documents\\MyFellowship\\full-stack-open-workshop\\part5-b\\frontend\\src\\App.jsx": {"path":"C:\\Users\\Suneel\\Documents\\MyFellowship\\full-stack-open-workshop\\part5-b\\frontend\\src\\App.jsx","statementMap":{"0":{"start":{"line":11,"column":12},"end":{"line":191,"column":1}},"1":{"start":{"line":13,"column":28},"end":{"line":13,"column":42}},"2":{"start":{"line":14,"column":38},"end":{"line":14,"column":52}},"3":{"start":{"line":15,"column":34},"end":{"line":15,"column":46}},"4":{"start":{"line":16,"column":34},"end":{"line":16,"column":46}},"5":{"start":{"line":17,"column":26},"end":{"line":17,"column":40}},"6":{"start":{"line":19,"column":22},"end":{"line":19,"column":30}},"7":{"start":{"line":20,"column":23},"end":{"line":20,"column":31}},"8":{"start":{"line":23,"column":2},"end":{"line":31,"column":9}},"9":{"start":{"line":24,"column":4},"end":{"line":30,"column":9}},"10":{"start":{"line":26,"column":21},"end":{"line":26,"column":34}},"11":{"start":{"line":28,"column":8},"end":{"line":28,"column":67}},"12":{"start":{"line":29,"column":8},"end":{"line":29,"column":25}},"13":{"start":{"line":33,"column":2},"end":{"line":46,"column":9}},"14":{"start":{"line":34,"column":27},"end":{"line":34,"column":75}},"15":{"start":{"line":35,"column":24},"end":{"line":35,"column":66}},"16":{"start":{"line":36,"column":4},"end":{"line":40,"column":5}},"17":{"start":{"line":37,"column":19},"end":{"line":37,"column":45}},"18":{"start":{"line":38,"column":6},"end":{"line":38,"column":20}},"19":{"start":{"line":39,"column":6},"end":{"line":39,"column":39}},"20":{"start":{"line":41,"column":4},"end":{"line":45,"column":5}},"21":{"start":{"line":42,"column":6},"end":{"line":42,"column":58}},"22":{"start":{"line":43,"column":6},"end":{"line":43,"column":52}},"23":{"start":{"line":44,"column":6},"end":{"line":44,"column":20}},"24":{"start":{"line":49,"column":21},"end":{"line":65,"column":3}},"25":{"start":{"line":50,"column":4},"end":{"line":50,"column":43}},"26":{"start":{"line":51,"column":4},"end":{"line":64,"column":9}},"27":{"start":{"line":55,"column":8},"end":{"line":55,"column":41}},"28":{"start":{"line":59,"column":8},"end":{"line":59,"column":47}},"29":{"start":{"line":60,"column":8},"end":{"line":63,"column":9}},"30":{"start":{"line":61,"column":10},"end":{"line":61,"column":62}},"31":{"start":{"line":62,"column":10},"end":{"line":62,"column":24}},"32":{"start":{"line":68,"column":27},"end":{"line":87,"column":3}},"33":{"start":{"line":70,"column":17},"end":{"line":70,"column":47}},"34":{"start":{"line":70,"column":35},"end":{"line":70,"column":46}},"35":{"start":{"line":71,"column":24},"end":{"line":71,"column":63}},"36":{"start":{"line":73,"column":4},"end":{"line":86,"column":9}},"37":{"start":{"line":76,"column":8},"end":{"line":76,"column":65}},"38":{"start":{"line":76,"column":35},"end":{"line":76,"column":61}},"39":{"start":{"line":79,"column":8},"end":{"line":79,"column":80}},"40":{"start":{"line":80,"column":8},"end":{"line":82,"column":17}},"41":{"start":{"line":81,"column":10},"end":{"line":81,"column":30}},"42":{"start":{"line":83,"column":8},"end":{"line":83,"column":51}},"43":{"start":{"line":83,"column":37},"end":{"line":83,"column":48}},"44":{"start":{"line":84,"column":8},"end":{"line":84,"column":33}},"45":{"start":{"line":90,"column":17},"end":{"line":103,"column":3}},"46":{"start":{"line":91,"column":4},"end":{"line":102,"column":9}},"47":{"start":{"line":94,"column":8},"end":{"line":94,"column":51}},"48":{"start":{"line":94,"column":37},"end":{"line":94,"column":48}},"49":{"start":{"line":97,"column":8},"end":{"line":97,"column":80}},"50":{"start":{"line":98,"column":8},"end":{"line":100,"column":17}},"51":{"start":{"line":99,"column":10},"end":{"line":99,"column":30}},"52":{"start":{"line":101,"column":8},"end":{"line":101,"column":51}},"53":{"start":{"line":101,"column":37},"end":{"line":101,"column":48}},"54":{"start":{"line":106,"column":23},"end":{"line":112,"column":3}},"55":{"start":{"line":107,"column":4},"end":{"line":109,"column":5}},"56":{"start":{"line":108,"column":6},"end":{"line":108,"column":18}},"57":{"start":{"line":111,"column":4},"end":{"line":111,"column":50}},"58":{"start":{"line":115,"column":22},"end":{"line":138,"column":3}},"59":{"start":{"line":116,"column":4},"end":{"line":116,"column":27}},"60":{"start":{"line":117,"column":4},"end":{"line":117,"column":44}},"61":{"start":{"line":118,"column":4},"end":{"line":137,"column":5}},"62":{"start":{"line":119,"column":19},"end":{"line":122,"column":8}},"63":{"start":{"line":123,"column":32},"end":{"line":123,"column":45}},"64":{"start":{"line":124,"column":24},"end":{"line":124,"column":56}},"65":{"start":{"line":126,"column":6},"end":{"line":126,"column":77}},"66":{"start":{"line":127,"column":6},"end":{"line":127,"column":62}},"67":{"start":{"line":128,"column":6},"end":{"line":128,"column":39}},"68":{"start":{"line":129,"column":6},"end":{"line":129,"column":20}},"69":{"start":{"line":130,"column":6},"end":{"line":130,"column":22}},"70":{"start":{"line":131,"column":6},"end":{"line":131,"column":22}},"71":{"start":{"line":133,"column":6},"end":{"line":133,"column":41}},"72":{"start":{"line":134,"column":6},"end":{"line":136,"column":15}},"73":{"start":{"line":135,"column":8},"end":{"line":135,"column":28}},"74":{"start":{"line":140,"column":2},"end":{"line":142,"column":3}},"75":{"start":{"line":141,"column":4},"end":{"line":141,"column":16}},"76":{"start":{"line":144,"column":20},"end":{"line":156,"column":3}},"77":{"start":{"line":145,"column":4},"end":{"line":155,"column":6}},"78":{"start":{"line":150,"column":48},"end":{"line":150,"column":73}},"79":{"start":{"line":151,"column":48},"end":{"line":151,"column":73}},"80":{"start":{"line":158,"column":19},"end":{"line":164,"column":3}},"81":{"start":{"line":159,"column":4},"end":{"line":163,"column":6}},"82":{"start":{"line":166,"column":2},"end":{"line":190,"column":4}},"83":{"start":{"line":181,"column":10},"end":{"line":186,"column":12}},"84":{"start":{"line":184,"column":36},"end":{"line":184,"column":61}},"85":{"start":{"line":185,"column":26},"end":{"line":185,"column":41}}},"fnMap":{"0":{"name":"(anonymous_0)","decl":{"start":{"line":11,"column":12},"end":{"line":11,"column":13}},"loc":{"start":{"line":11,"column":18},"end":{"line":191,"column":1}},"line":11},"1":{"name":"(anonymous_1)","decl":{"start":{"line":23,"column":12},"end":{"line":23,"column":13}},"loc":{"start":{"line":23,"column":18},"end":{"line":31,"column":3}},"line":23},"2":{"name":"(anonymous_2)","decl":{"start":{"line":26,"column":12},"end":{"line":26,"column":13}},"loc":{"start":{"line":26,"column":21},"end":{"line":26,"column":34}},"line":26},"3":{"name":"(anonymous_3)","decl":{"start":{"line":27,"column":13},"end":{"line":27,"column":14}},"loc":{"start":{"line":27,"column":22},"end":{"line":30,"column":7}},"line":27},"4":{"name":"(anonymous_4)","decl":{"start":{"line":33,"column":12},"end":{"line":33,"column":13}},"loc":{"start":{"line":33,"column":18},"end":{"line":46,"column":3}},"line":33},"5":{"name":"(anonymous_5)","decl":{"start":{"line":49,"column":21},"end":{"line":49,"column":22}},"loc":{"start":{"line":49,"column":39},"end":{"line":65,"column":3}},"line":49},"6":{"name":"(anonymous_6)","decl":{"start":{"line":53,"column":12},"end":{"line":53,"column":13}},"loc":{"start":{"line":53,"column":26},"end":{"line":56,"column":7}},"line":53},"7":{"name":"(anonymous_7)","decl":{"start":{"line":57,"column":13},"end":{"line":57,"column":14}},"loc":{"start":{"line":57,"column":22},"end":{"line":64,"column":7}},"line":57},"8":{"name":"(anonymous_8)","decl":{"start":{"line":68,"column":27},"end":{"line":68,"column":28}},"loc":{"start":{"line":68,"column":35},"end":{"line":87,"column":3}},"line":68},"9":{"name":"(anonymous_9)","decl":{"start":{"line":70,"column":28},"end":{"line":70,"column":29}},"loc":{"start":{"line":70,"column":35},"end":{"line":70,"column":46}},"line":70},"10":{"name":"(anonymous_10)","decl":{"start":{"line":75,"column":12},"end":{"line":75,"column":13}},"loc":{"start":{"line":75,"column":26},"end":{"line":77,"column":7}},"line":75},"11":{"name":"(anonymous_11)","decl":{"start":{"line":76,"column":27},"end":{"line":76,"column":28}},"loc":{"start":{"line":76,"column":35},"end":{"line":76,"column":61}},"line":76},"12":{"name":"(anonymous_12)","decl":{"start":{"line":78,"column":13},"end":{"line":78,"column":14}},"loc":{"start":{"line":78,"column":22},"end":{"line":86,"column":7}},"line":78},"13":{"name":"(anonymous_13)","decl":{"start":{"line":80,"column":19},"end":{"line":80,"column":20}},"loc":{"start":{"line":80,"column":25},"end":{"line":82,"column":9}},"line":80},"14":{"name":"(anonymous_14)","decl":{"start":{"line":83,"column":30},"end":{"line":83,"column":31}},"loc":{"start":{"line":83,"column":37},"end":{"line":83,"column":48}},"line":83},"15":{"name":"(anonymous_15)","decl":{"start":{"line":90,"column":17},"end":{"line":90,"column":18}},"loc":{"start":{"line":90,"column":25},"end":{"line":103,"column":3}},"line":90},"16":{"name":"(anonymous_16)","decl":{"start":{"line":93,"column":12},"end":{"line":93,"column":13}},"loc":{"start":{"line":93,"column":18},"end":{"line":95,"column":7}},"line":93},"17":{"name":"(anonymous_17)","decl":{"start":{"line":94,"column":30},"end":{"line":94,"column":31}},"loc":{"start":{"line":94,"column":37},"end":{"line":94,"column":48}},"line":94},"18":{"name":"(anonymous_18)","decl":{"start":{"line":96,"column":13},"end":{"line":96,"column":14}},"loc":{"start":{"line":96,"column":22},"end":{"line":102,"column":7}},"line":96},"19":{"name":"(anonymous_19)","decl":{"start":{"line":98,"column":19},"end":{"line":98,"column":20}},"loc":{"start":{"line":98,"column":25},"end":{"line":100,"column":9}},"line":98},"20":{"name":"(anonymous_20)","decl":{"start":{"line":101,"column":30},"end":{"line":101,"column":31}},"loc":{"start":{"line":101,"column":37},"end":{"line":101,"column":48}},"line":101},"21":{"name":"(anonymous_21)","decl":{"start":{"line":106,"column":23},"end":{"line":106,"column":24}},"loc":{"start":{"line":106,"column":40},"end":{"line":112,"column":3}},"line":106},"22":{"name":"(anonymous_22)","decl":{"start":{"line":115,"column":22},"end":{"line":115,"column":23}},"loc":{"start":{"line":115,"column":39},"end":{"line":138,"column":3}},"line":115},"23":{"name":"(anonymous_23)","decl":{"start":{"line":134,"column":17},"end":{"line":134,"column":18}},"loc":{"start":{"line":134,"column":23},"end":{"line":136,"column":7}},"line":134},"24":{"name":"(anonymous_24)","decl":{"start":{"line":144,"column":20},"end":{"line":144,"column":21}},"loc":{"start":{"line":144,"column":26},"end":{"line":156,"column":3}},"line":144},"25":{"name":"(anonymous_25)","decl":{"start":{"line":150,"column":32},"end":{"line":150,"column":33}},"loc":{"start":{"line":150,"column":48},"end":{"line":150,"column":73}},"line":150},"26":{"name":"(anonymous_26)","decl":{"start":{"line":151,"column":32},"end":{"line":151,"column":33}},"loc":{"start":{"line":151,"column":48},"end":{"line":151,"column":73}},"line":151},"27":{"name":"(anonymous_27)","decl":{"start":{"line":158,"column":19},"end":{"line":158,"column":20}},"loc":{"start":{"line":158,"column":25},"end":{"line":164,"column":3}},"line":158},"28":{"name":"(anonymous_28)","decl":{"start":{"line":180,"column":19},"end":{"line":180,"column":20}},"loc":{"start":{"line":181,"column":10},"end":{"line":186,"column":12}},"line":181},"29":{"name":"(anonymous_29)","decl":{"start":{"line":184,"column":30},"end":{"line":184,"column":31}},"loc":{"start":{"line":184,"column":36},"end":{"line":184,"column":61}},"line":184},"30":{"name":"(anonymous_30)","decl":{"start":{"line":185,"column":20},"end":{"line":185,"column":21}},"loc":{"start":{"line":185,"column":26},"end":{"line":185,"column":41}},"line":185}},"branchMap":{"0":{"loc":{"start":{"line":36,"column":4},"end":{"line":40,"column":5}},"type":"if","locations":[{"start":{"line":36,"column":4},"end":{"line":40,"column":5}},{"start":{},"end":{}}],"line":36},"1":{"loc":{"start":{"line":41,"column":4},"end":{"line":45,"column":5}},"type":"if","locations":[{"start":{"line":41,"column":4},"end":{"line":45,"column":5}},{"start":{},"end":{}}],"line":41},"2":{"loc":{"start":{"line":60,"column":8},"end":{"line":63,"column":9}},"type":"if","locations":[{"start":{"line":60,"column":8},"end":{"line":63,"column":9}},{"start":{},"end":{}}],"line":60},"3":{"loc":{"start":{"line":76,"column":35},"end":{"line":76,"column":61}},"type":"cond-expr","locations":[{"start":{"line":76,"column":49},"end":{"line":76,"column":57}},{"start":{"line":76,"column":60},"end":{"line":76,"column":61}}],"line":76},"4":{"loc":{"start":{"line":107,"column":4},"end":{"line":109,"column":5}},"type":"if","locations":[{"start":{"line":107,"column":4},"end":{"line":109,"column":5}},{"start":{},"end":{}}],"line":107},"5":{"loc":{"start":{"line":140,"column":2},"end":{"line":142,"column":3}},"type":"if","locations":[{"start":{"line":140,"column":2},"end":{"line":142,"column":3}},{"start":{},"end":{}}],"line":140},"6":{"loc":{"start":{"line":171,"column":7},"end":{"line":171,"column":27}},"type":"binary-expr","locations":[{"start":{"line":171,"column":7},"end":{"line":171,"column":12}},{"start":{"line":171,"column":16},"end":{"line":171,"column":27}}],"line":171},"7":{"loc":{"start":{"line":172,"column":7},"end":{"line":177,"column":7}},"type":"binary-expr","locations":[{"start":{"line":172,"column":7},"end":{"line":172,"column":11}},{"start":{"line":173,"column":8},"end":{"line":176,"column":14}}],"line":172}},"s":{"0":0,"1":0,"2":0,"3":0,"4":0,"5":0,"6":0,"7":0,"8":0,"9":0,"10":0,"11":0,"12":0,"13":0,"14":0,"15":0,"16":0,"17":0,"18":0,"19":0,"20":0,"21":0,"22":0,"23":0,"24":0,"25":0,"26":0,"27":0,"28":0,"29":0,"30":0,"31":0,"32":0,"33":0,"34":0,"35":0,"36":0,"37":0,"38":0,"39":0,"40":0,"41":0,"42":0,"43":0,"44":0,"45":0,"46":0,"47":0,"48":0,"49":0,"50":0,"51":0,"52":0,"53":0,"54":0,"55":0,"56":0,"57":0,"58":0,"59":0,"60":0,"61":0,"62":0,"63":0,"64":0,"65":0,"66":0,"67":0,"68":0,"69":0,"70":0,"71":0,"72":0,"73":0,"74":0,"75":0,"76":0,"77":0,"78":0,"79":0,"80":0,"81":0,"82":0,"83":0,"84":0,"85":0},"f":{"0":0,"1":0,"2":0,"3":0,"4":0,"5":0,"6":0,"7":0,"8":0,"9":0,"10":0,"11":0,"12":0,"13":0,"14":0,"15":0,"16":0,"17":0,"18":0,"19":0,"20":0,"21":0,"22":0,"23":0,"24":0,"25":0,"26":0,"27":0,"28":0,"29":0,"30":0},"b":{"0":[0,0],"1":[0,0],"2":[0,0],"3":[0,0],"4":[0,0],"5":[0,0],"6":[0,0],"7":[0,0]}}
,"C:\\Users\\Suneel\\Documents\\MyFellowship\\full-stack-open-workshop\\part5-b\\frontend\\src\\index.jsx": {"path":"C:\\Users\\Suneel\\Documents\\MyFellowship\\full-stack-open-workshop\\part5-b\\frontend\\src\\index.jsx","statementMap":{"0":{"start":{"line":5,"column":0},"end":{"line":5,"column":69}}},"fnMap":{},"branchMap":{},"s":{"0":0},"f":{},"b":{}}
,"C:\\Users\\Suneel\\Documents\\MyFellowship\\full-stack-open-workshop\\part5-b\\frontend\\src\\components\\LoginForm.jsx": {"path":"C:\\Users\\Suneel\\Documents\\MyFellowship\\full-stack-open-workshop\\part5-b\\frontend\\src\\components\\LoginForm.jsx","statementMap":{"0":{"start":{"line":1,"column":18},"end":{"line":33,"column":1}},"1":{"start":{"line":2,"column":2},"end":{"line":2,"column":46}},"2":{"start":{"line":9,"column":6},"end":{"line":9,"column":11}},"3":{"start":{"line":10,"column":2},"end":{"line":32,"column":4}}},"fnMap":{"0":{"name":"(anonymous_0)","decl":{"start":{"line":1,"column":18},"end":{"line":1,"column":19}},"loc":{"start":{"line":1,"column":29},"end":{"line":33,"column":1}},"line":1}},"branchMap":{},"s":{"0":0,"1":0,"2":0,"3":0},"f":{"0":0},"b":{}}
,"C:\\Users\\Suneel\\Documents\\MyFellowship\\full-stack-open-workshop\\part5-b\\frontend\\src\\components\\Note.jsx": {"path":"C:\\Users\\Suneel\\Documents\\MyFellowship\\full-stack-open-workshop\\part5-b\\frontend\\src\\components\\Note.jsx","statementMap":{"0":{"start":{"line":1,"column":13},"end":{"line":11,"column":1}},"1":{"start":{"line":2,"column":16},"end":{"line":2,"column":72}},"2":{"start":{"line":4,"column":2},"end":{"line":10,"column":4}}},"fnMap":{"0":{"name":"(anonymous_0)","decl":{"start":{"line":1,"column":13},"end":{"line":1,"column":14}},"loc":{"start":{"line":1,"column":53},"end":{"line":11,"column":1}},"line":1}},"branchMap":{"0":{"loc":{"start":{"line":2,"column":16},"end":{"line":2,"column":72}},"type":"cond-expr","locations":[{"start":{"line":2,"column":33},"end":{"line":2,"column":53}},{"start":{"line":2,"column":56},"end":{"line":2,"column":72}}],"line":2}},"s":{"0":1,"1":4,"2":4},"f":{"0":4},"b":{"0":[4,0]},"_coverageSchema":"1a1c01bbd47fc00a2c39e90264f33305004495a9","hash":"b21e2f2e705160dc7bfb5b6f20e788229da82965"}
,"C:\\Users\\Suneel\\Documents\\MyFellowship\\full-stack-open-workshop\\part5-b\\frontend\\src\\components\\NoteForm.jsx": {"path":"C:\\Users\\Suneel\\Documents\\MyFellowship\\full-stack-open-workshop\\part5-b\\frontend\\src\\components\\NoteForm.jsx","statementMap":{"0":{"start":{"line":3,"column":17},"end":{"line":35,"column":1}},"1":{"start":{"line":4,"column":32},"end":{"line":4,"column":44}},"2":{"start":{"line":6,"column":23},"end":{"line":8,"column":3}},"3":{"start":{"line":7,"column":4},"end":{"line":7,"column":35}},"4":{"start":{"line":10,"column":18},"end":{"line":18,"column":3}},"5":{"start":{"line":11,"column":4},"end":{"line":11,"column":27}},"6":{"start":{"line":12,"column":4},"end":{"line":15,"column":7}},"7":{"start":{"line":17,"column":4},"end":{"line":17,"column":19}},"8":{"start":{"line":20,"column":2},"end":{"line":34,"column":4}}},"fnMap":{"0":{"name":"(anonymous_0)","decl":{"start":{"line":3,"column":17},"end":{"line":3,"column":18}},"loc":{"start":{"line":3,"column":37},"end":{"line":35,"column":1}},"line":3},"1":{"name":"(anonymous_1)","decl":{"start":{"line":6,"column":23},"end":{"line":6,"column":24}},"loc":{"start":{"line":6,"column":34},"end":{"line":8,"column":3}},"line":6},"2":{"name":"(anonymous_2)","decl":{"start":{"line":10,"column":18},"end":{"line":10,"column":19}},"loc":{"start":{"line":10,"column":29},"end":{"line":18,"column":3}},"line":10}},"branchMap":{},"s":{"0":1,"1":19,"2":19,"3":17,"4":19,"5":1,"6":1,"7":1,"8":19},"f":{"0":19,"1":17,"2":1},"b":{},"_coverageSchema":"1a1c01bbd47fc00a2c39e90264f33305004495a9","hash":"aff792cbc4b907e2f7bb79ab09dfa5d9b6e5943e"}
,"C:\\Users\\Suneel\\Documents\\MyFellowship\\full-stack-open-workshop\\part5-b\\frontend\\src\\components\\Togglable.jsx": {"path":"C:\\Users\\Suneel\\Documents\\MyFellowship\\full-stack-open-workshop\\part5-b\\frontend\\src\\components\\Togglable.jsx","statementMap":{"0":{"start":{"line":4,"column":18},"end":{"line":32,"column":2}},"1":{"start":{"line":5,"column":2},"end":{"line":5,"column":46}},"2":{"start":{"line":6,"column":32},"end":{"line":6,"column":47}},"3":{"start":{"line":8,"column":26},"end":{"line":8,"column":60}},"4":{"start":{"line":9,"column":26},"end":{"line":9,"column":60}},"5":{"start":{"line":11,"column":27},"end":{"line":13,"column":3}},"6":{"start":{"line":12,"column":4},"end":{"line":12,"column":25}},"7":{"start":{"line":15,"column":2},"end":{"line":19,"column":5}},"8":{"start":{"line":16,"column":4},"end":{"line":18,"column":6}},"9":{"start":{"line":21,"column":2},"end":{"line":31,"column":4}},"10":{"start":{"line":34,"column":0},"end":{"line":36,"column":2}},"11":{"start":{"line":38,"column":0},"end":{"line":38,"column":36}}},"fnMap":{"0":{"name":"(anonymous_0)","decl":{"start":{"line":4,"column":29},"end":{"line":4,"column":30}},"loc":{"start":{"line":4,"column":46},"end":{"line":32,"column":1}},"line":4},"1":{"name":"(anonymous_1)","decl":{"start":{"line":11,"column":27},"end":{"line":11,"column":28}},"loc":{"start":{"line":11,"column":33},"end":{"line":13,"column":3}},"line":11},"2":{"name":"(anonymous_2)","decl":{"start":{"line":15,"column":28},"end":{"line":15,"column":29}},"loc":{"start":{"line":15,"column":34},"end":{"line":19,"column":3}},"line":15}},"branchMap":{"0":{"loc":{"start":{"line":8,"column":37},"end":{"line":8,"column":58}},"type":"cond-expr","locations":[{"start":{"line":8,"column":47},"end":{"line":8,"column":53}},{"start":{"line":8,"column":56},"end":{"line":8,"column":58}}],"line":8},"1":{"loc":{"start":{"line":9,"column":37},"end":{"line":9,"column":58}},"type":"cond-expr","locations":[{"start":{"line":9,"column":47},"end":{"line":9,"column":49}},{"start":{"line":9,"column":52},"end":{"line":9,"column":58}}],"line":9}},"s":{"0":1,"1":4,"2":4,"3":4,"4":4,"5":4,"6":1,"7":4,"8":0,"9":4,"10":1,"11":1},"f":{"0":4,"1":1,"2":0},"b":{"0":[1,3],"1":[1,3]},"_coverageSchema":"1a1c01bbd47fc00a2c39e90264f33305004495a9","hash":"854ef3f33e97549abc555e0f22c64bb64af733ae"}
,"C:\\Users\\Suneel\\Documents\\MyFellowship\\full-stack-open-workshop\\part5-b\\frontend\\src\\services\\login.js": {"path":"C:\\Users\\Suneel\\Documents\\MyFellowship\\full-stack-open-workshop\\part5-b\\frontend\\src\\services\\login.js","statementMap":{"0":{"start":{"line":2,"column":16},"end":{"line":2,"column":28}},"1":{"start":{"line":4,"column":14},"end":{"line":7,"column":1}},"2":{"start":{"line":5,"column":19},"end":{"line":5,"column":57}},"3":{"start":{"line":6,"column":2},"end":{"line":6,"column":23}}},"fnMap":{"0":{"name":"(anonymous_0)","decl":{"start":{"line":4,"column":14},"end":{"line":4,"column":15}},"loc":{"start":{"line":4,"column":37},"end":{"line":7,"column":1}},"line":4}},"branchMap":{},"s":{"0":0,"1":0,"2":0,"3":0},"f":{"0":0},"b":{}}
,"C:\\Users\\Suneel\\Documents\\MyFellowship\\full-stack-open-workshop\\part5-b\\frontend\\src\\services\\notes.js": {"path":"C:\\Users\\Suneel\\Documents\\MyFellowship\\full-stack-open-workshop\\part5-b\\frontend\\src\\services\\notes.js","statementMap":{"0":{"start":{"line":2,"column":16},"end":{"line":2,"column":28}},"1":{"start":{"line":4,"column":12},"end":{"line":4,"column":16}},"2":{"start":{"line":6,"column":17},"end":{"line":8,"column":1}},"3":{"start":{"line":7,"column":2},"end":{"line":7,"column":31}},"4":{"start":{"line":10,"column":15},"end":{"line":22,"column":1}},"5":{"start":{"line":11,"column":21},"end":{"line":15,"column":3}},"6":{"start":{"line":16,"column":2},"end":{"line":16,"column":71}},"7":{"start":{"line":16,"column":42},"end":{"line":16,"column":69}},"8":{"start":{"line":24,"column":15},"end":{"line":33,"column":1}},"9":{"start":{"line":27,"column":17},"end":{"line":29,"column":3}},"10":{"start":{"line":32,"column":2},"end":{"line":32,"column":72}},"11":{"start":{"line":32,"column":62},"end":{"line":32,"column":70}},"12":{"start":{"line":35,"column":15},"end":{"line":37,"column":1}},"13":{"start":{"line":36,"column":2},"end":{"line":36,"column":74}},"14":{"start":{"line":36,"column":64},"end":{"line":36,"column":72}},"15":{"start":{"line":39,"column":12},"end":{"line":41,"column":1}},"16":{"start":{"line":40,"column":2},"end":{"line":40,"column":49}}},"fnMap":{"0":{"name":"(anonymous_0)","decl":{"start":{"line":6,"column":17},"end":{"line":6,"column":18}},"loc":{"start":{"line":6,"column":31},"end":{"line":8,"column":1}},"line":6},"1":{"name":"(anonymous_1)","decl":{"start":{"line":10,"column":15},"end":{"line":10,"column":16}},"loc":{"start":{"line":10,"column":21},"end":{"line":22,"column":1}},"line":10},"2":{"name":"(anonymous_2)","decl":{"start":{"line":16,"column":33},"end":{"line":16,"column":34}},"loc":{"start":{"line":16,"column":42},"end":{"line":16,"column":69}},"line":16},"3":{"name":"(anonymous_3)","decl":{"start":{"line":24,"column":15},"end":{"line":24,"column":16}},"loc":{"start":{"line":24,"column":30},"end":{"line":33,"column":1}},"line":24},"4":{"name":"(anonymous_4)","decl":{"start":{"line":32,"column":53},"end":{"line":32,"column":54}},"loc":{"start":{"line":32,"column":62},"end":{"line":32,"column":70}},"line":32},"5":{"name":"(anonymous_5)","decl":{"start":{"line":35,"column":15},"end":{"line":35,"column":16}},"loc":{"start":{"line":35,"column":34},"end":{"line":37,"column":1}},"line":35},"6":{"name":"(anonymous_6)","decl":{"start":{"line":36,"column":55},"end":{"line":36,"column":56}},"loc":{"start":{"line":36,"column":64},"end":{"line":36,"column":72}},"line":36},"7":{"name":"(anonymous_7)","decl":{"start":{"line":39,"column":12},"end":{"line":39,"column":13}},"loc":{"start":{"line":39,"column":20},"end":{"line":41,"column":1}},"line":39}},"branchMap":{},"s":{"0":0,"1":0,"2":0,"3":0,"4":0,"5":0,"6":0,"7":0,"8":0,"9":0,"10":0,"11":0,"12":0,"13":0,"14":0,"15":0,"16":0},"f":{"0":0,"1":0,"2":0,"3":0,"4":0,"5":0,"6":0,"7":0},"b":{}}
}
