TN:
SF:src\App.jsx
FN:11,(anonymous_0)
FN:23,(anonymous_1)
FN:26,(anonymous_2)
FN:27,(anonymous_3)
FN:33,(anonymous_4)
FN:49,(anonymous_5)
FN:53,(anonymous_6)
FN:57,(anonymous_7)
FN:68,(anonymous_8)
FN:70,(anonymous_9)
FN:75,(anonymous_10)
FN:76,(anonymous_11)
FN:78,(anonymous_12)
FN:80,(anonymous_13)
FN:83,(anonymous_14)
FN:90,(anonymous_15)
FN:93,(anonymous_16)
FN:94,(anonymous_17)
FN:96,(anonymous_18)
FN:98,(anonymous_19)
FN:101,(anonymous_20)
FN:106,(anonymous_21)
FN:115,(anonymous_22)
FN:134,(anonymous_23)
FN:144,(anonymous_24)
FN:150,(anonymous_25)
FN:151,(anonymous_26)
FN:158,(anonymous_27)
FN:180,(anonymous_28)
FN:184,(anonymous_29)
FN:185,(anonymous_30)
FNF:31
FNH:0
FNDA:0,(anonymous_0)
FNDA:0,(anonymous_1)
FNDA:0,(anonymous_2)
FNDA:0,(anonymous_3)
FNDA:0,(anonymous_4)
FNDA:0,(anonymous_5)
FNDA:0,(anonymous_6)
FNDA:0,(anonymous_7)
FNDA:0,(anonymous_8)
FNDA:0,(anonymous_9)
FNDA:0,(anonymous_10)
FNDA:0,(anonymous_11)
FNDA:0,(anonymous_12)
FNDA:0,(anonymous_13)
FNDA:0,(anonymous_14)
FNDA:0,(anonymous_15)
FNDA:0,(anonymous_16)
FNDA:0,(anonymous_17)
FNDA:0,(anonymous_18)
FNDA:0,(anonymous_19)
FNDA:0,(anonymous_20)
FNDA:0,(anonymous_21)
FNDA:0,(anonymous_22)
FNDA:0,(anonymous_23)
FNDA:0,(anonymous_24)
FNDA:0,(anonymous_25)
FNDA:0,(anonymous_26)
FNDA:0,(anonymous_27)
FNDA:0,(anonymous_28)
FNDA:0,(anonymous_29)
FNDA:0,(anonymous_30)
DA:11,0
DA:13,0
DA:14,0
DA:15,0
DA:16,0
DA:17,0
DA:19,0
DA:20,0
DA:23,0
DA:24,0
DA:26,0
DA:28,0
DA:29,0
DA:33,0
DA:34,0
DA:35,0
DA:36,0
DA:37,0
DA:38,0
DA:39,0
DA:41,0
DA:42,0
DA:43,0
DA:44,0
DA:49,0
DA:50,0
DA:51,0
DA:55,0
DA:59,0
DA:60,0
DA:61,0
DA:62,0
DA:68,0
DA:70,0
DA:71,0
DA:73,0
DA:76,0
DA:79,0
DA:80,0
DA:81,0
DA:83,0
DA:84,0
DA:90,0
DA:91,0
DA:94,0
DA:97,0
DA:98,0
DA:99,0
DA:101,0
DA:106,0
DA:107,0
DA:108,0
DA:111,0
DA:115,0
DA:116,0
DA:117,0
DA:118,0
DA:119,0
DA:123,0
DA:124,0
DA:126,0
DA:127,0
DA:128,0
DA:129,0
DA:130,0
DA:131,0
DA:133,0
DA:134,0
DA:135,0
DA:140,0
DA:141,0
DA:144,0
DA:145,0
DA:150,0
DA:151,0
DA:158,0
DA:159,0
DA:166,0
DA:181,0
DA:184,0
DA:185,0
LF:81
LH:0
BRDA:36,0,0,0
BRDA:36,0,1,0
BRDA:41,1,0,0
BRDA:41,1,1,0
BRDA:60,2,0,0
BRDA:60,2,1,0
BRDA:76,3,0,0
BRDA:76,3,1,0
BRDA:107,4,0,0
BRDA:107,4,1,0
BRDA:140,5,0,0
BRDA:140,5,1,0
BRDA:171,6,0,0
BRDA:171,6,1,0
BRDA:172,7,0,0
BRDA:172,7,1,0
BRF:16
BRH:0
end_of_record
TN:
SF:src\index.jsx
FNF:0
FNH:0
DA:5,0
LF:1
LH:0
BRF:0
BRH:0
end_of_record
TN:
SF:src\components\LoginForm.jsx
FN:1,(anonymous_0)
FNF:1
FNH:0
FNDA:0,(anonymous_0)
DA:1,0
DA:2,0
DA:9,0
DA:10,0
LF:4
LH:0
BRF:0
BRH:0
end_of_record
TN:
SF:src\components\Note.jsx
FN:1,(anonymous_0)
FNF:1
FNH:1
FNDA:4,(anonymous_0)
DA:1,1
DA:2,4
DA:4,4
LF:3
LH:3
BRDA:2,0,0,4
BRDA:2,0,1,0
BRF:2
BRH:1
end_of_record
TN:
SF:src\components\NoteForm.jsx
FN:3,(anonymous_0)
FN:6,(anonymous_1)
FN:10,(anonymous_2)
FNF:3
FNH:3
FNDA:19,(anonymous_0)
FNDA:17,(anonymous_1)
FNDA:1,(anonymous_2)
DA:3,1
DA:4,19
DA:6,19
DA:7,17
DA:10,19
DA:11,1
DA:12,1
DA:17,1
DA:20,19
LF:9
LH:9
BRF:0
BRH:0
end_of_record
TN:
SF:src\components\Togglable.jsx
FN:4,(anonymous_0)
FN:11,(anonymous_1)
FN:15,(anonymous_2)
FNF:3
FNH:2
FNDA:4,(anonymous_0)
FNDA:1,(anonymous_1)
FNDA:0,(anonymous_2)
DA:4,1
DA:5,4
DA:6,4
DA:8,4
DA:9,4
DA:11,4
DA:12,1
DA:15,4
DA:16,0
DA:21,4
DA:34,1
DA:38,1
LF:12
LH:11
BRDA:8,0,0,1
BRDA:8,0,1,3
BRDA:9,1,0,1
BRDA:9,1,1,3
BRF:4
BRH:4
end_of_record
TN:
SF:src\services\login.js
FN:4,(anonymous_0)
FNF:1
FNH:0
FNDA:0,(anonymous_0)
DA:2,0
DA:4,0
DA:5,0
DA:6,0
LF:4
LH:0
BRF:0
BRH:0
end_of_record
TN:
SF:src\services\notes.js
FN:6,(anonymous_0)
FN:10,(anonymous_1)
FN:16,(anonymous_2)
FN:24,(anonymous_3)
FN:32,(anonymous_4)
FN:35,(anonymous_5)
FN:36,(anonymous_6)
FN:39,(anonymous_7)
FNF:8
FNH:0
FNDA:0,(anonymous_0)
FNDA:0,(anonymous_1)
FNDA:0,(anonymous_2)
FNDA:0,(anonymous_3)
FNDA:0,(anonymous_4)
FNDA:0,(anonymous_5)
FNDA:0,(anonymous_6)
FNDA:0,(anonymous_7)
DA:2,0
DA:4,0
DA:6,0
DA:7,0
DA:10,0
DA:11,0
DA:16,0
DA:24,0
DA:27,0
DA:32,0
DA:35,0
DA:36,0
DA:39,0
DA:40,0
LF:14
LH:0
BRF:0
BRH:0
end_of_record
